=== [MMM] attempt 1/3 ===
[MMM] OK (clean)
=== [AOS] attempt 1/3 ===
[AOS] OK (clean)
=== [ABT] attempt 1/3 ===
[ABT] OK (clean)
=== [ABBV] attempt 1/3 ===
[ABBV] OK (clean)
=== [ACN] attempt 1/3 ===
[ACN] OK (clean)
=== [ADBE] attempt 1/3 ===
[ADBE] OK (clean)
=== [AMD] attempt 1/3 ===
[AMD] OK (clean)
=== [AES] attempt 1/3 ===
[AES] OK (clean)
=== [AFL] attempt 1/3 ===
[AFL] OK (clean)
=== [A] attempt 1/3 ===
[A] OK (clean)
=== [APD] attempt 1/3 ===
[APD] OK (clean)
=== [ABNB] attempt 1/3 ===
[ABNB] OK (clean)
=== [AKAM] attempt 1/3 ===
[AKAM] OK (clean)
=== [ALB] attempt 1/3 ===
[ALB] OK (clean)
=== [ARE] attempt 1/3 ===
[ARE] OK (clean)
=== [ALGN] attempt 1/3 ===
[ALGN] OK (clean)
=== [ALLE] attempt 1/3 ===
[ALLE] OK (clean)
=== [LNT] attempt 1/3 ===
[LNT] OK (clean)
=== [ALL] attempt 1/3 ===
[ALL] OK (clean)
=== [GOOGL] attempt 1/3 ===
[GOOGL] OK (clean)
=== [GOOG] attempt 1/3 ===
[GOOG] OK (clean)
=== [MO] attempt 1/3 ===
[MO] OK (clean)
=== [AMZN] attempt 1/3 ===
[AMZN] OK (clean)
=== [AMCR] attempt 1/3 ===
[AMCR] OK (clean)
=== [AEE] attempt 1/3 ===
[AEE] OK (clean)
=== [AEP] attempt 1/3 ===
[AEP] OK (clean)
=== [AXP] attempt 1/3 ===
[AXP] OK (clean)
=== [AIG] attempt 1/3 ===
[AIG] OK (clean)
=== [AMT] attempt 1/3 ===
[AMT] OK (clean)
=== [AWK] attempt 1/3 ===
[AWK] OK (clean)
=== [AMP] attempt 1/3 ===
[AMP] OK (clean)
=== [AME] attempt 1/3 ===
[AME] OK (clean)
=== [AMGN] attempt 1/3 ===
[AMGN] OK (clean)
=== [APH] attempt 1/3 ===
[APH] OK (clean)
=== [ADI] attempt 1/3 ===
[ADI] OK (clean)
=== [AON] attempt 1/3 ===
[AON] OK (clean)
=== [APA] attempt 1/3 ===
[APA] OK (clean)
=== [APO] attempt 1/3 ===
[APO] OK (clean)
=== [AAPL] attempt 1/3 ===
[AAPL] OK (clean)
=== [AMAT] attempt 1/3 ===
[AMAT] OK (clean)
=== [APP] attempt 1/3 ===
[APP] OK (clean)
=== [APTV] attempt 1/3 ===
[APTV] OK (clean)
=== [ACGL] attempt 1/3 ===
[ACGL] OK (clean)
=== [ADM] attempt 1/3 ===
[ADM] OK (clean)
=== [ARES] attempt 1/3 ===
[ARES] OK (clean)
=== [ANET] attempt 1/3 ===
[ANET] OK (clean)
=== [AJG] attempt 1/3 ===
[AJG] OK (clean)
=== [AIZ] attempt 1/3 ===
[AIZ] OK (clean)
=== [T] attempt 1/3 ===
[T] OK (clean)
=== [ATO] attempt 1/3 ===
[ATO] OK (clean)
=== [ADSK] attempt 1/3 ===
[ADSK] OK (clean)
=== [ADP] attempt 1/3 ===
[ADP] OK (clean)
=== [AZO] attempt 1/3 ===
[AZO] OK (clean)
=== [AVB] attempt 1/3 ===
[AVB] OK (clean)
=== [AVY] attempt 1/3 ===
[AVY] OK (clean)
=== [AXON] attempt 1/3 ===
[AXON] OK (clean)
=== [BKR] attempt 1/3 ===
[BKR] OK (clean)
=== [BALL] attempt 1/3 ===
[BALL] OK (clean)
=== [BAC] attempt 1/3 ===
[BAC] OK (clean)
=== [BAX] attempt 1/3 ===
[BAX] OK (clean)
=== [BDX] attempt 1/3 ===
[BDX] OK (clean)
=== [BRK-B] attempt 1/3 ===
[BRK-B] OK (clean)
=== [BBY] attempt 1/3 ===
[BBY] OK (clean)
=== [TECH] attempt 1/3 ===
[TECH] OK (clean)
=== [BIIB] attempt 1/3 ===
[BIIB] OK (clean)
=== [BLK] attempt 1/3 ===
[BLK] OK (clean)
=== [BX] attempt 1/3 ===
[BX] OK (clean)
=== [XYZ] attempt 1/3 ===
[XYZ] OK (clean)
=== [BNY] attempt 1/3 ===
[BNY] OK (clean)
=== [BA] attempt 1/3 ===
[BA] OK (clean)
=== [BKNG] attempt 1/3 ===
[BKNG] OK (clean)
=== [BSX] attempt 1/3 ===
[BSX] OK (clean)
=== [BMY] attempt 1/3 ===
[BMY] OK (clean)
=== [AVGO] attempt 1/3 ===
[AVGO] OK (clean)
=== [BR] attempt 1/3 ===
[BR] OK (clean)
=== [BRO] attempt 1/3 ===
[BRO] OK (clean)
=== [BF-B] attempt 1/3 ===
[BF-B] OK (clean)
=== [BLDR] attempt 1/3 ===
[BLDR] OK (clean)
=== [BG] attempt 1/3 ===
[BG] OK (clean)
=== [BXP] attempt 1/3 ===
[BXP] OK (clean)
=== [CHRW] attempt 1/3 ===
[CHRW] OK (clean)
=== [CDNS] attempt 1/3 ===
[CDNS] OK (clean)
=== [CPT] attempt 1/3 ===
[CPT] OK (clean)
=== [COF] attempt 1/3 ===
[COF] OK (clean)
=== [CAH] attempt 1/3 ===
[CAH] OK (clean)
=== [CCL] attempt 1/3 ===
[CCL] OK (clean)
=== [CARR] attempt 1/3 ===
[CARR] OK (clean)
=== [CVNA] attempt 1/3 ===
[CVNA] OK (clean)
=== [CASY] attempt 1/3 ===
[CASY] OK (clean)
=== [CAT] attempt 1/3 ===
[CAT] OK (clean)
=== [CBOE] attempt 1/3 ===
[CBOE] OK (clean)
=== [CBRE] attempt 1/3 ===
[CBRE] OK (clean)
=== [CDW] attempt 1/3 ===
[CDW] OK (clean)
=== [COR] attempt 1/3 ===
[COR] OK (clean)
=== [CNC] attempt 1/3 ===
[CNC] OK (clean)
=== [CNP] attempt 1/3 ===
[CNP] OK (clean)
=== [CF] attempt 1/3 ===
[CF] OK (clean)
=== [CRL] attempt 1/3 ===
[CRL] OK (clean)
=== [SCHW] attempt 1/3 ===
[SCHW] OK (clean)
=== [CHTR] attempt 1/3 ===
[CHTR] OK (clean)
=== [CVX] attempt 1/3 ===
[CVX] OK (clean)
=== [CMG] attempt 1/3 ===
[CMG] OK (clean)
=== [CB] attempt 1/3 ===
[CB] OK (clean)
=== [CHD] attempt 1/3 ===
[CHD] OK (clean)
=== [CIEN] attempt 1/3 ===
[CIEN] OK (clean)
=== [CI] attempt 1/3 ===
[CI] OK (clean)
=== [CINF] attempt 1/3 ===
[CINF] OK (clean)
=== [CTAS] attempt 1/3 ===
[CTAS] OK (clean)
=== [CSCO] attempt 1/3 ===
[CSCO] OK (clean)
=== [C] attempt 1/3 ===
[C] OK (clean)
=== [CFG] attempt 1/3 ===
[CFG] OK (clean)
=== [CLX] attempt 1/3 ===
[CLX] OK (clean)
=== [CME] attempt 1/3 ===
[CME] OK (clean)
=== [CMS] attempt 1/3 ===
[CMS] OK (clean)
=== [KO] attempt 1/3 ===
[KO] OK (clean)
=== [CTSH] attempt 1/3 ===
[CTSH] OK (clean)
=== [COHR] attempt 1/3 ===
[COHR] OK (clean)
=== [COIN] attempt 1/3 ===
[COIN] OK (clean)
=== [CL] attempt 1/3 ===
[CL] OK (clean)
=== [CMCSA] attempt 1/3 ===
[CMCSA] OK (clean)
=== [FIX] attempt 1/3 ===
[FIX] OK (clean)
=== [COP] attempt 1/3 ===
[COP] OK (clean)
=== [ED] attempt 1/3 ===
[ED] OK (clean)
=== [STZ] attempt 1/3 ===
[STZ] OK (clean)
=== [CEG] attempt 1/3 ===
[CEG] OK (clean)
=== [COO] attempt 1/3 ===
[COO] OK (clean)
=== [CPRT] attempt 1/3 ===
[CPRT] OK (clean)
=== [GLW] attempt 1/3 ===
[GLW] OK (clean)
=== [CPAY] attempt 1/3 ===
[CPAY] OK (clean)
=== [CTVA] attempt 1/3 ===
[CTVA] OK (clean)
=== [CSGP] attempt 1/3 ===
[CSGP] OK (clean)
=== [COST] attempt 1/3 ===
[COST] OK (clean)
=== [CRH] attempt 1/3 ===
[CRH] OK (clean)
=== [CRWD] attempt 1/3 ===
[CRWD] OK (clean)
=== [CCI] attempt 1/3 ===
[CCI] OK (clean)
=== [CSX] attempt 1/3 ===
[CSX] OK (clean)
=== [CMI] attempt 1/3 ===
[CMI] OK (clean)
=== [CVS] attempt 1/3 ===
[CVS] OK (clean)
=== [DHR] attempt 1/3 ===
[DHR] OK (clean)
=== [DRI] attempt 1/3 ===
[DRI] OK (clean)
=== [DDOG] attempt 1/3 ===
[DDOG] OK (clean)
=== [DVA] attempt 1/3 ===
[DVA] OK (clean)
=== [DECK] attempt 1/3 ===
[DECK] OK (clean)
=== [DE] attempt 1/3 ===
[DE] OK (clean)
=== [DELL] attempt 1/3 ===
[DELL] OK (clean)
=== [DAL] attempt 1/3 ===
[DAL] OK (clean)
=== [DVN] attempt 1/3 ===
[DVN] OK (clean)
=== [DXCM] attempt 1/3 ===
[DXCM] OK (clean)
=== [FANG] attempt 1/3 ===
[FANG] OK (clean)
=== [DLR] attempt 1/3 ===
[DLR] OK (clean)
=== [DG] attempt 1/3 ===
[DG] OK (clean)
=== [DLTR] attempt 1/3 ===
[DLTR] OK (clean)
=== [D] attempt 1/3 ===
[D] OK (clean)
=== [DPZ] attempt 1/3 ===
[DPZ] OK (clean)
=== [DASH] attempt 1/3 ===
[DASH] OK (clean)
=== [DOV] attempt 1/3 ===
[DOV] OK (clean)
=== [DOW] attempt 1/3 ===
[DOW] OK (clean)
=== [DHI] attempt 1/3 ===
[DHI] OK (clean)
=== [DTE] attempt 1/3 ===
[DTE] OK (clean)
=== [DUK] attempt 1/3 ===
[DUK] OK (clean)
=== [DD] attempt 1/3 ===
[DD] OK (clean)
=== [ETN] attempt 1/3 ===
[ETN] OK (clean)
=== [EBAY] attempt 1/3 ===
[EBAY] OK (clean)
=== [ECHO] attempt 1/3 ===
[ECHO] OK (clean)
=== [ECL] attempt 1/3 ===
[ECL] OK (clean)
=== [EIX] attempt 1/3 ===
[EIX] OK (clean)
=== [EW] attempt 1/3 ===
[EW] OK (clean)
=== [EA] attempt 1/3 ===
[EA] OK (clean)
=== [ELV] attempt 1/3 ===
[ELV] OK (clean)
=== [EME] attempt 1/3 ===
[EME] OK (clean)
=== [EMR] attempt 1/3 ===
[EMR] OK (clean)
=== [ETR] attempt 1/3 ===
[ETR] OK (clean)
=== [EOG] attempt 1/3 ===
[EOG] OK (clean)
=== [EQT] attempt 1/3 ===
[EQT] OK (clean)
=== [EFX] attempt 1/3 ===
[EFX] OK (clean)
=== [EQIX] attempt 1/3 ===
[EQIX] OK (clean)
=== [EQR] attempt 1/3 ===
[EQR] OK (clean)
=== [ERIE] attempt 1/3 ===
[ERIE] OK (clean)
=== [ESS] attempt 1/3 ===
[ESS] OK (clean)
=== [EL] attempt 1/3 ===
