2026-07-05 17:58:01,118 - INFO - Starting exhaustive 49-heuristic pipeline for AOS...
2026-07-05 17:58:01,118 - INFO - Fetching context data for AOS...
2026-07-05 17:58:01,916 - INFO - Fetching CPI inflation data from FRED (2022-2025)...
2026-07-05 17:58:02,135 - INFO - Evaluating CircleOfCompetence...
2026-07-05 17:58:22,151 - INFO - Evaluating Inversion...
2026-07-05 17:58:42,189 - INFO - Evaluating MrMarket...
2026-07-05 17:58:42,340 - INFO - Evaluating IntrinsicValue...
2026-07-05 17:58:42,688 - INFO - Evaluating UndervaluedMarginOfSafety...
2026-07-05 17:58:42,742 - INFO - Evaluating BusinessModelTypes...
2026-07-05 17:58:42,742 - INFO - Evaluating EconomicMoat...
2026-07-05 17:59:02,788 - INFO - Evaluating GoodwillEconomicGoodwillVsAccountingGoodwill...
2026-07-05 17:59:02,790 - INFO - Evaluating TheDurabilityOfCompetitiveAdvantage...
2026-07-05 17:59:04,446 - INFO - Evaluating AcquisitionLogicAcquisitionCriteria...
2026-07-05 17:59:04,473 - INFO - Evaluating CorporateCulture...
Device set to use mps:0
2026-07-05 17:59:05,693 - INFO - Evaluating CorporateGovernanceAndShareholderOrientation...
2026-07-05 17:59:05,696 - INFO - Evaluating ManagementEvaluation...
2026-07-05 17:59:25,757 - INFO - Evaluating CorePrincipleSeeThroughAccountingToEconomicReality...
2026-07-05 17:59:25,758 - INFO - Evaluating KeyFinancialMetrics...
2026-07-05 17:59:25,758 - INFO - Evaluating OwnerEarnings...
2026-07-05 17:59:46,033 - INFO - Evaluating CapitalAllocationAnalysis...
2026-07-05 18:00:06,071 - INFO - Evaluating DividendsRetainedEarningsAndTaxEfficiency...
2026-07-05 18:00:06,248 - INFO - Evaluating IntrinsicValueEstimation...
2026-07-05 18:00:06,370 - INFO - Evaluating MarginOfSafety...
2026-07-05 18:00:06,439 - INFO - Evaluating ShareBuybackAnalysis...
2026-07-05 18:00:26,471 - INFO - Evaluating SpecialInvestmentInstruments...
2026-07-05 18:00:26,475 - INFO - Evaluating TheRelationshipBetweenPurchasePriceAndIntrinsicValue...
2026-07-05 18:00:26,746 - INFO - Evaluating DerivativesRisk...
2026-07-05 18:00:46,835 - INFO - Evaluating LeverageRisk...
2026-07-05 18:00:46,860 - INFO - Evaluating TheImpactOfInflation...
2026-07-05 18:00:46,864 - INFO - Evaluating ValueTraps...
2026-07-05 18:00:47,179 - INFO - Successfully saved full analysis to /Users/enrique/Desktop/julianhenry/wealth/buffett-skills/output/AOS_analysis.json
Fetching 10-K footnotes for AOS from SEC EDGAR...
Fetching 10-K footnotes for AOS from SEC EDGAR...
