2026-07-05 17:54:42,784 - INFO - Starting exhaustive 49-heuristic pipeline for MMM...
2026-07-05 17:54:42,785 - INFO - Fetching context data for MMM...
2026-07-05 17:54:43,755 - INFO - Fetching CPI inflation data from FRED (2022-2025)...
2026-07-05 17:54:43,912 - INFO - Evaluating CircleOfCompetence...
2026-07-05 17:55:03,929 - INFO - Evaluating Inversion...
2026-07-05 17:55:23,963 - INFO - Evaluating MrMarket...
2026-07-05 17:55:24,200 - INFO - Evaluating IntrinsicValue...
2026-07-05 17:55:24,711 - INFO - Evaluating UndervaluedMarginOfSafety...
2026-07-05 17:55:24,760 - INFO - Evaluating BusinessModelTypes...
2026-07-05 17:55:24,760 - INFO - Evaluating EconomicMoat...
2026-07-05 17:55:44,802 - INFO - Evaluating GoodwillEconomicGoodwillVsAccountingGoodwill...
2026-07-05 17:55:44,803 - INFO - Evaluating TheDurabilityOfCompetitiveAdvantage...
2026-07-05 17:55:45,540 - INFO - Evaluating AcquisitionLogicAcquisitionCriteria...
2026-07-05 17:55:45,582 - INFO - Evaluating CorporateCulture...
Device set to use mps:0
2026-07-05 17:55:46,550 - INFO - Evaluating CorporateGovernanceAndShareholderOrientation...
2026-07-05 17:55:46,554 - INFO - Evaluating ManagementEvaluation...
2026-07-05 17:56:06,597 - INFO - Evaluating CorePrincipleSeeThroughAccountingToEconomicReality...
2026-07-05 17:56:06,598 - INFO - Evaluating KeyFinancialMetrics...
2026-07-05 17:56:06,598 - INFO - Evaluating OwnerEarnings...
2026-07-05 17:56:26,648 - INFO - Evaluating CapitalAllocationAnalysis...
2026-07-05 17:56:46,662 - INFO - Evaluating DividendsRetainedEarningsAndTaxEfficiency...
2026-07-05 17:56:46,957 - INFO - Evaluating IntrinsicValueEstimation...
2026-07-05 17:56:47,110 - INFO - Evaluating MarginOfSafety...
2026-07-05 17:56:47,170 - INFO - Evaluating ShareBuybackAnalysis...
2026-07-05 17:57:07,192 - INFO - Evaluating SpecialInvestmentInstruments...
2026-07-05 17:57:07,194 - INFO - Evaluating TheRelationshipBetweenPurchasePriceAndIntrinsicValue...
2026-07-05 17:57:07,546 - INFO - Evaluating DerivativesRisk...
2026-07-05 17:57:27,623 - INFO - Evaluating LeverageRisk...
2026-07-05 17:57:27,653 - INFO - Evaluating TheImpactOfInflation...
2026-07-05 17:57:27,657 - INFO - Evaluating ValueTraps...
2026-07-05 17:57:27,974 - INFO - Successfully saved full analysis to /Users/enrique/Desktop/julianhenry/wealth/buffett-skills/output/MMM_analysis.json
Fetching 10-K footnotes for MMM from SEC EDGAR...
Fetching 10-K footnotes for MMM from SEC EDGAR...
